<?xml version="1.0" encoding="UTF-8"?>
<testsuite xmlns:xsi="http://www.w3.org/2001/XMLSchema-instance" xsi:noNamespaceSchemaLocation="https://maven.apache.org/surefire/maven-surefire-plugin/xsd/surefire-test-report-3.0.xsd" version="3.0" name="io.cucumber.junit.platform.engine.CucumberTestEngine" time="3.942" tests="1" errors="0" skipped="0" failures="0">
  <properties>
    <property name="java.specification.version" value="20"/>
    <property name="sun.jnu.encoding" value="UTF-8"/>
    <property name="java.class.path" value="/Users/vinodkumar/RestAssured/MSIL/target/test-classes:/Users/vinodkumar/RestAssured/MSIL/target/classes:/Users/vinodkumar/.m2/repository/io/rest-assured/rest-assured/5.5.0/rest-assured-5.5.0.jar:/Users/vinodkumar/.m2/repository/org/apache/groovy/groovy/4.0.22/groovy-4.0.22.jar:/Users/vinodkumar/.m2/repository/org/apache/groovy/groovy-xml/4.0.22/groovy-xml-4.0.22.jar:/Users/vinodkumar/.m2/repository/org/apache/httpcomponents/httpclient/4.5.13/httpclient-4.5.13.jar:/Users/vinodkumar/.m2/repository/org/apache/httpcomponents/httpcore/4.4.13/httpcore-4.4.13.jar:/Users/vinodkumar/.m2/repository/commons-logging/commons-logging/1.2/commons-logging-1.2.jar:/Users/vinodkumar/.m2/repository/commons-codec/commons-codec/1.11/commons-codec-1.11.jar:/Users/vinodkumar/.m2/repository/org/apache/httpcomponents/httpmime/4.5.13/httpmime-4.5.13.jar:/Users/vinodkumar/.m2/repository/org/hamcrest/hamcrest/2.2/hamcrest-2.2.jar:/Users/vinodkumar/.m2/repository/org/ccil/cowan/tagsoup/tagsoup/1.2.1/tagsoup-1.2.1.jar:/Users/vinodkumar/.m2/repository/io/rest-assured/json-path/5.5.0/json-path-5.5.0.jar:/Users/vinodkumar/.m2/repository/org/apache/groovy/groovy-json/4.0.22/groovy-json-4.0.22.jar:/Users/vinodkumar/.m2/repository/io/rest-assured/rest-assured-common/5.5.0/rest-assured-common-5.5.0.jar:/Users/vinodkumar/.m2/repository/io/rest-assured/xml-path/5.5.0/xml-path-5.5.0.jar:/Users/vinodkumar/.m2/repository/org/apache/commons/commons-lang3/3.11/commons-lang3-3.11.jar:/Users/vinodkumar/.m2/repository/io/cucumber/cucumber-java/7.27.0/cucumber-java-7.27.0.jar:/Users/vinodkumar/.m2/repository/io/cucumber/cucumber-core/7.27.0/cucumber-core-7.27.0.jar:/Users/vinodkumar/.m2/repository/io/cucumber/cucumber-gherkin/7.27.0/cucumber-gherkin-7.27.0.jar:/Users/vinodkumar/.m2/repository/io/cucumber/cucumber-gherkin-messages/7.27.0/cucumber-gherkin-messages-7.27.0.jar:/Users/vinodkumar/.m2/repository/io/cucumber/gherkin/30.0.0/gherkin-30.0.0.jar:/Users/vinodkumar/.m2/repository/io/cucumber/messages/28.1.0/messages-28.1.0.jar:/Users/vinodkumar/.m2/repository/io/cucumber/pretty-formatter/2.0.1/pretty-formatter-2.0.1.jar:/Users/vinodkumar/.m2/repository/io/cucumber/query/13.6.0/query-13.6.0.jar:/Users/vinodkumar/.m2/repository/io/cucumber/testng-xml-formatter/0.5.0/testng-xml-formatter-0.5.0.jar:/Users/vinodkumar/.m2/repository/io/cucumber/tag-expressions/6.1.2/tag-expressions-6.1.2.jar:/Users/vinodkumar/.m2/repository/io/cucumber/cucumber-expressions/18.0.1/cucumber-expressions-18.0.1.jar:/Users/vinodkumar/.m2/repository/io/cucumber/datatable/7.27.0/datatable-7.27.0.jar:/Users/vinodkumar/.m2/repository/io/cucumber/cucumber-plugin/7.27.0/cucumber-plugin-7.27.0.jar:/Users/vinodkumar/.m2/repository/io/cucumber/docstring/7.27.0/docstring-7.27.0.jar:/Users/vinodkumar/.m2/repository/io/cucumber/html-formatter/21.13.0/html-formatter-21.13.0.jar:/Users/vinodkumar/.m2/repository/io/cucumber/junit-xml-formatter/0.8.0/junit-xml-formatter-0.8.0.jar:/Users/vinodkumar/.m2/repository/io/cucumber/ci-environment/10.0.1/ci-environment-10.0.1.jar:/Users/vinodkumar/.m2/repository/org/apiguardian/apiguardian-api/1.1.2/apiguardian-api-1.1.2.jar:/Users/vinodkumar/.m2/repository/io/cucumber/cucumber-junit-platform-engine/7.27.0/cucumber-junit-platform-engine-7.27.0.jar:/Users/vinodkumar/.m2/repository/org/junit/platform/junit-platform-engine/1.13.4/junit-platform-engine-1.13.4.jar:/Users/vinodkumar/.m2/repository/org/opentest4j/opentest4j/1.3.0/opentest4j-1.3.0.jar:/Users/vinodkumar/.m2/repository/org/junit/platform/junit-platform-commons/1.13.4/junit-platform-commons-1.13.4.jar:/Users/vinodkumar/.m2/repository/org/junit/jupiter/junit-jupiter/5.10.2/junit-jupiter-5.10.2.jar:/Users/vinodkumar/.m2/repository/org/junit/jupiter/junit-jupiter-api/5.10.2/junit-jupiter-api-5.10.2.jar:/Users/vinodkumar/.m2/repository/org/junit/jupiter/junit-jupiter-params/5.10.2/junit-jupiter-params-5.10.2.jar:/Users/vinodkumar/.m2/repository/org/junit/jupiter/junit-jupiter-engine/5.10.2/junit-jupiter-engine-5.10.2.jar:/Users/vinodkumar/.m2/repository/org/apache/logging/log4j/log4j-core/2.20.0/log4j-core-2.20.0.jar:/Users/vinodkumar/.m2/repository/org/apache/logging/log4j/log4j-api/2.20.0/log4j-api-2.20.0.jar:/Users/vinodkumar/.m2/repository/io/qameta/allure/allure-cucumber7-jvm/2.27.0/allure-cucumber7-jvm-2.27.0.jar:/Users/vinodkumar/.m2/repository/io/qameta/allure/allure-java-commons/2.27.0/allure-java-commons-2.27.0.jar:/Users/vinodkumar/.m2/repository/org/slf4j/slf4j-api/1.7.36/slf4j-api-1.7.36.jar:/Users/vinodkumar/.m2/repository/io/qameta/allure/allure-model/2.27.0/allure-model-2.27.0.jar:"/>
    <property name="java.vm.vendor" value="Oracle Corporation"/>
    <property name="sun.arch.data.model" value="64"/>
    <property name="java.vendor.url" value="https://java.oracle.com/"/>
    <property name="user.timezone" value="Asia/Kolkata"/>
    <property name="os.name" value="Mac OS X"/>
    <property name="java.vm.specification.version" value="20"/>
    <property name="sun.java.launcher" value="SUN_STANDARD"/>
    <property name="user.country" value="IN"/>
    <property name="sun.boot.library.path" value="/Library/Java/JavaVirtualMachines/jdk-20.jdk/Contents/Home/lib"/>
    <property name="sun.java.command" value="/Users/vinodkumar/RestAssured/MSIL/target/surefire/surefirebooter-20250917210559164_3.jar /Users/vinodkumar/RestAssured/MSIL/target/surefire 2025-09-17T21-05-59_112-jvmRun1 surefire-20250917210559164_1tmp surefire_0-20250917210559164_2tmp"/>
    <property name="http.nonProxyHosts" value="local|*.local|169.254/16|*.169.254/16"/>
    <property name="jdk.debug" value="release"/>
    <property name="surefire.test.class.path" value="/Users/vinodkumar/RestAssured/MSIL/target/test-classes:/Users/vinodkumar/RestAssured/MSIL/target/classes:/Users/vinodkumar/.m2/repository/io/rest-assured/rest-assured/5.5.0/rest-assured-5.5.0.jar:/Users/vinodkumar/.m2/repository/org/apache/groovy/groovy/4.0.22/groovy-4.0.22.jar:/Users/vinodkumar/.m2/repository/org/apache/groovy/groovy-xml/4.0.22/groovy-xml-4.0.22.jar:/Users/vinodkumar/.m2/repository/org/apache/httpcomponents/httpclient/4.5.13/httpclient-4.5.13.jar:/Users/vinodkumar/.m2/repository/org/apache/httpcomponents/httpcore/4.4.13/httpcore-4.4.13.jar:/Users/vinodkumar/.m2/repository/commons-logging/commons-logging/1.2/commons-logging-1.2.jar:/Users/vinodkumar/.m2/repository/commons-codec/commons-codec/1.11/commons-codec-1.11.jar:/Users/vinodkumar/.m2/repository/org/apache/httpcomponents/httpmime/4.5.13/httpmime-4.5.13.jar:/Users/vinodkumar/.m2/repository/org/hamcrest/hamcrest/2.2/hamcrest-2.2.jar:/Users/vinodkumar/.m2/repository/org/ccil/cowan/tagsoup/tagsoup/1.2.1/tagsoup-1.2.1.jar:/Users/vinodkumar/.m2/repository/io/rest-assured/json-path/5.5.0/json-path-5.5.0.jar:/Users/vinodkumar/.m2/repository/org/apache/groovy/groovy-json/4.0.22/groovy-json-4.0.22.jar:/Users/vinodkumar/.m2/repository/io/rest-assured/rest-assured-common/5.5.0/rest-assured-common-5.5.0.jar:/Users/vinodkumar/.m2/repository/io/rest-assured/xml-path/5.5.0/xml-path-5.5.0.jar:/Users/vinodkumar/.m2/repository/org/apache/commons/commons-lang3/3.11/commons-lang3-3.11.jar:/Users/vinodkumar/.m2/repository/io/cucumber/cucumber-java/7.27.0/cucumber-java-7.27.0.jar:/Users/vinodkumar/.m2/repository/io/cucumber/cucumber-core/7.27.0/cucumber-core-7.27.0.jar:/Users/vinodkumar/.m2/repository/io/cucumber/cucumber-gherkin/7.27.0/cucumber-gherkin-7.27.0.jar:/Users/vinodkumar/.m2/repository/io/cucumber/cucumber-gherkin-messages/7.27.0/cucumber-gherkin-messages-7.27.0.jar:/Users/vinodkumar/.m2/repository/io/cucumber/gherkin/30.0.0/gherkin-30.0.0.jar:/Users/vinodkumar/.m2/repository/io/cucumber/messages/28.1.0/messages-28.1.0.jar:/Users/vinodkumar/.m2/repository/io/cucumber/pretty-formatter/2.0.1/pretty-formatter-2.0.1.jar:/Users/vinodkumar/.m2/repository/io/cucumber/query/13.6.0/query-13.6.0.jar:/Users/vinodkumar/.m2/repository/io/cucumber/testng-xml-formatter/0.5.0/testng-xml-formatter-0.5.0.jar:/Users/vinodkumar/.m2/repository/io/cucumber/tag-expressions/6.1.2/tag-expressions-6.1.2.jar:/Users/vinodkumar/.m2/repository/io/cucumber/cucumber-expressions/18.0.1/cucumber-expressions-18.0.1.jar:/Users/vinodkumar/.m2/repository/io/cucumber/datatable/7.27.0/datatable-7.27.0.jar:/Users/vinodkumar/.m2/repository/io/cucumber/cucumber-plugin/7.27.0/cucumber-plugin-7.27.0.jar:/Users/vinodkumar/.m2/repository/io/cucumber/docstring/7.27.0/docstring-7.27.0.jar:/Users/vinodkumar/.m2/repository/io/cucumber/html-formatter/21.13.0/html-formatter-21.13.0.jar:/Users/vinodkumar/.m2/repository/io/cucumber/junit-xml-formatter/0.8.0/junit-xml-formatter-0.8.0.jar:/Users/vinodkumar/.m2/repository/io/cucumber/ci-environment/10.0.1/ci-environment-10.0.1.jar:/Users/vinodkumar/.m2/repository/org/apiguardian/apiguardian-api/1.1.2/apiguardian-api-1.1.2.jar:/Users/vinodkumar/.m2/repository/io/cucumber/cucumber-junit-platform-engine/7.27.0/cucumber-junit-platform-engine-7.27.0.jar:/Users/vinodkumar/.m2/repository/org/junit/platform/junit-platform-engine/1.13.4/junit-platform-engine-1.13.4.jar:/Users/vinodkumar/.m2/repository/org/opentest4j/opentest4j/1.3.0/opentest4j-1.3.0.jar:/Users/vinodkumar/.m2/repository/org/junit/platform/junit-platform-commons/1.13.4/junit-platform-commons-1.13.4.jar:/Users/vinodkumar/.m2/repository/org/junit/jupiter/junit-jupiter/5.10.2/junit-jupiter-5.10.2.jar:/Users/vinodkumar/.m2/repository/org/junit/jupiter/junit-jupiter-api/5.10.2/junit-jupiter-api-5.10.2.jar:/Users/vinodkumar/.m2/repository/org/junit/jupiter/junit-jupiter-params/5.10.2/junit-jupiter-params-5.10.2.jar:/Users/vinodkumar/.m2/repository/org/junit/jupiter/junit-jupiter-engine/5.10.2/junit-jupiter-engine-5.10.2.jar:/Users/vinodkumar/.m2/repository/org/apache/logging/log4j/log4j-core/2.20.0/log4j-core-2.20.0.jar:/Users/vinodkumar/.m2/repository/org/apache/logging/log4j/log4j-api/2.20.0/log4j-api-2.20.0.jar:/Users/vinodkumar/.m2/repository/io/qameta/allure/allure-cucumber7-jvm/2.27.0/allure-cucumber7-jvm-2.27.0.jar:/Users/vinodkumar/.m2/repository/io/qameta/allure/allure-java-commons/2.27.0/allure-java-commons-2.27.0.jar:/Users/vinodkumar/.m2/repository/org/slf4j/slf4j-api/1.7.36/slf4j-api-1.7.36.jar:/Users/vinodkumar/.m2/repository/io/qameta/allure/allure-model/2.27.0/allure-model-2.27.0.jar:"/>
    <property name="sun.cpu.endian" value="little"/>
    <property name="user.home" value="/Users/vinodkumar"/>
    <property name="user.language" value="en"/>
    <property name="java.specification.vendor" value="Oracle Corporation"/>
    <property name="java.version.date" value="2023-03-21"/>
    <property name="java.home" value="/Library/Java/JavaVirtualMachines/jdk-20.jdk/Contents/Home"/>
    <property name="file.separator" value="/"/>
    <property name="basedir" value="/Users/vinodkumar/RestAssured/MSIL"/>
    <property name="java.vm.compressedOopsMode" value="Zero based"/>
    <property name="line.separator" value="&#10;"/>
    <property name="java.vm.specification.vendor" value="Oracle Corporation"/>
    <property name="java.specification.name" value="Java Platform API Specification"/>
    <property name="apple.awt.application.name" value="ForkedBooter"/>
    <property name="surefire.real.class.path" value="/Users/vinodkumar/RestAssured/MSIL/target/surefire/surefirebooter-20250917210559164_3.jar"/>
    <property name="sun.management.compiler" value="HotSpot 64-Bit Tiered Compilers"/>
    <property name="ftp.nonProxyHosts" value="local|*.local|169.254/16|*.169.254/16"/>
    <property name="java.runtime.version" value="20+36-2344"/>
    <property name="user.name" value="vinodkumar"/>
    <property name="stdout.encoding" value="UTF-8"/>
    <property name="path.separator" value=":"/>
    <property name="os.version" value="13.3.1"/>
    <property name="java.runtime.name" value="Java(TM) SE Runtime Environment"/>
    <property name="file.encoding" value="UTF-8"/>
    <property name="java.vm.name" value="Java HotSpot(TM) 64-Bit Server VM"/>
    <property name="localRepository" value="/Users/vinodkumar/.m2/repository"/>
    <property name="java.vendor.url.bug" value="https://bugreport.java.com/bugreport/"/>
    <property name="java.io.tmpdir" value="/var/folders/fq/vjy5p27160g19vy4j72fp9cr0000gn/T/"/>
    <property name="java.version" value="20"/>
    <property name="user.dir" value="/Users/vinodkumar/RestAssured/MSIL"/>
    <property name="os.arch" value="aarch64"/>
    <property name="java.vm.specification.name" value="Java Virtual Machine Specification"/>
    <property name="native.encoding" value="UTF-8"/>
    <property name="java.library.path" value="/Users/vinodkumar/Library/Java/Extensions:/Library/Java/Extensions:/Network/Library/Java/Extensions:/System/Library/Java/Extensions:/usr/lib/java:."/>
    <property name="java.vm.info" value="mixed mode, sharing"/>
    <property name="stderr.encoding" value="UTF-8"/>
    <property name="java.vendor" value="Oracle Corporation"/>
    <property name="java.vm.version" value="20+36-2344"/>
    <property name="sun.io.unicode.encoding" value="UnicodeBig"/>
    <property name="socksNonProxyHosts" value="local|*.local|169.254/16|*.169.254/16"/>
    <property name="java.class.version" value="64.0"/>
  </properties>
  <testcase name="Verify user login and location update" classname="Auth and Driver APIs" time="3.858">
    <system-out><![CDATA[
&amp#27;[1mScenario:&amp#27;[22m Verify user login and location update                                                         &amp#27;[90m# classpath:features/v.feature:4&amp#27;[39m
21:06:00 [main] INFO  stepDefinitions.stepDefinitions -Base URI set to: https://api.sandbox.beckn.juspay.in/dev/dobpp/ui
  &amp#27;[32m✔&amp#27;[39m &amp#27;[32m&amp#27;[1mGiven &amp#27;[22mAuth API payload&amp#27;[39m                                                                              &amp#27;[90m# stepDefinitions.stepDefinitions.i_have_ath_api_payload()&amp#27;[39m
21:06:00 [main] INFO  stepDefinitions.stepDefinitions -Sending Auth API request with mobileNumber=6378299819, countryCode=+91, merchantId=7f7896dd-787e-4a0b-8675-e9e6fe93bb8f, city=Delhi
21:06:01 [main] INFO  stepDefinitions.stepDefinitions -Auth API Response: {
    "attempts": 3,
    "authId": "44f96e3d-2ccd-4bee-974f-026babbe3e33"
}
21:06:01 [main] INFO  stepDefinitions.stepDefinitions -Extracted Auth ID: 44f96e3d-2ccd-4bee-974f-026babbe3e33
  &amp#27;[32m✔&amp#27;[39m &amp#27;[32m&amp#27;[1mWhen &amp#27;[22mI send a post request to API&amp#27;[39m                                                                   &amp#27;[90m# stepDefinitions.stepDefinitions.i_send_post_request_to_API()&amp#27;[39m
21:06:01 [main] INFO  stepDefinitions.stepDefinitions -Validating Auth API status code. Expected=200, Actual=200
  &amp#27;[32m✔&amp#27;[39m &amp#27;[32m&amp#27;[1mThen &amp#27;[22mauth id should be successfully created and the status code is &amp#27;[1m200&amp#27;[22m&amp#27;[39m                              &amp#27;[90m# stepDefinitions.stepDefinitions.validate_status_code(int)&amp#27;[39m
21:06:01 [main] INFO  stepDefinitions.stepDefinitions -Sending Verify API request with otp=7891 and deviceToken=5497873d-10ca-42f3-8a32-22de4c916026
21:06:01 [main] INFO  stepDefinitions.stepDefinitions -Verify API Response: {
    "person": {
        "firstName": "Prithvi Driver",
        "id": "232d4794-e7f8-43e8-86f9-b508bb5093fe",
        "language": "ENGLISH",
        "lastName": null,
        "maskedDeviceToken": "549...026",
        "maskedMobileNumber": "637...819",
        "middleName": null,
        "role": "DRIVER",
        "whatsappNotificationEnrollStatus": "OPT_IN"
    },
    "token": "8126910e-ab57-4223-8a7b-5d329f1b28e5"
}
21:06:01 [main] INFO  stepDefinitions.stepDefinitions -Extracted token: 8126910e-ab57-4223-8a7b-5d329f1b28e5
  &amp#27;[32m✔&amp#27;[39m &amp#27;[32m&amp#27;[1mWhen &amp#27;[22mI send a verify request with otp &amp#27;[1m"7891"&amp#27;[22m and deviceToken &amp#27;[1m"5497873d-10ca-42f3-8a32-22de4c916026"&amp#27;[22m&amp#27;[39m &amp#27;[90m# stepDefinitions.stepDefinitions.i_send_verify_request(java.lang.String,java.lang.String)&amp#27;[39m
21:06:01 [main] INFO  stepDefinitions.stepDefinitions -Validating Verify API status code. Expected=200, Actual=200
  &amp#27;[32m✔&amp#27;[39m &amp#27;[32m&amp#27;[1mThen &amp#27;[22mverify status code should be &amp#27;[1m200&amp#27;[22m&amp#27;[39m                                                               &amp#27;[90m# stepDefinitions.stepDefinitions.verify_status_code_should_be(int)&amp#27;[39m
21:06:01 [main] INFO  stepDefinitions.stepDefinitions -Sending Driver Location API request with lat=12.9716, lon=77.5946
21:06:01 [main] INFO  stepDefinitions.stepDefinitions -Driver Location API Response: 
  &amp#27;[32m✔&amp#27;[39m &amp#27;[32m&amp#27;[1mWhen &amp#27;[22mI send driver location with lat &amp#27;[1m12.9716&amp#27;[22m and lon &amp#27;[1m77.5946&amp#27;[22m&amp#27;[39m                                        &amp#27;[90m# stepDefinitions.stepDefinitions.i_send_driverloaction_request(java.lang.Double,java.lang.Double)&amp#27;[39m
21:06:01 [main] INFO  stepDefinitions.stepDefinitions -Validating Driver Location API status code. Expected=200, Actual=200
  &amp#27;[32m✔&amp#27;[39m &amp#27;[32m&amp#27;[1mThen &amp#27;[22mdriver location status code should be &amp#27;[1m200&amp#27;[22m&amp#27;[39m                                                      &amp#27;[90m# stepDefinitions.stepDefinitions.driver_location_status_code_should_be(int)&amp#27;[39m
21:06:01 [main] INFO  stepDefinitions.stepDefinitions -Sending SetActivity API request with mode=ONLINE, active=true
21:06:02 [main] INFO  stepDefinitions.stepDefinitions -SetActivity API Response: {
    "result": "Success"
}
21:06:02 [main] INFO  stepDefinitions.stepDefinitions -Status Code: 200
  &amp#27;[32m✔&amp#27;[39m &amp#27;[32m&amp#27;[1mWhen &amp#27;[22mI send setActivity API&amp#27;[39m                                                                         &amp#27;[90m# stepDefinitions.stepDefinitions.i_send_setActivity_request()&amp#27;[39m
21:06:02 [main] INFO  stepDefinitions.stepDefinitions -Validating SetActivity API status code. Expected=200, Actual=200
  &amp#27;[32m✔&amp#27;[39m &amp#27;[32m&amp#27;[1mThen &amp#27;[22msetActivity status code should be &amp#27;[1m200&amp#27;[22m&amp#27;[39m                                                          &amp#27;[90m# stepDefinitions.stepDefinitions.setActivity_status_code_should_be(int)&amp#27;[39m
21:06:02 [main] INFO  stepDefinitions.stepDefinitions -Sending Driver Profile API request
21:06:03 [main] INFO  stepDefinitions.stepDefinitions -Driver Profile API Response: {
    "aadhaarCardPhoto": null,
    "active": true,
    "alternateNumber": null,
    "assignedRidesCountDaily": 2,
    "assignedRidesCountInWindow": 8,
    "assignedRidesCountWeekly": 8,
    "autoPayStatus": "ACTIVE",
    "bankDetails": null,
    "blockExpiryTime": "2024-10-04T09:35:00.132862Z",
    "blockStateModifier": null,
    "blocked": false,
    "blockedReasonFlag": null,
    "bundleVersion": {
        "build": null,
        "maintenance": 118,
        "major": 3,
        "minor": 0,
        "preRelease": null
    },
    "canDowngradeToHatchback": false,
    "canDowngradeToSedan": false,
    "canDowngradeToTaxi": false,
    "canSwitchToInterCity": true,
    "canSwitchToIntraCity": true,
    "canSwitchToRental": true,
    "cancellationRateInWindow": 0,
    "cancellationRateSlabConfig": {
        "dailySlabs": [
            
        ],
        "weeklySlabs": [
            
        ]
    },
    "cancelledRidesCountDaily": 0,
    "cancelledRidesCountInWindow": 0,
    "cancelledRidesCountWeekly": 0,
    "checkIfACWorking": false,
    "clientVersion": {
        "build": null,
        "maintenance": 39,
        "major": 3,
        "minor": 0,
        "preRelease": null
    },
    "currentDues": 27,
    "currentDuesWithCurrency": {
        "amount": 27,
        "currency": "INR"
    },
    "driverGoHomeInfo": {
        "cnt": 2,
        "driverGoHomeRequestId": null,
        "goHomeReferenceTime": "2025-09-18T00:00:00Z",
        "isOnRide": false,
        "status": null,
        "validTill": null
    },
    "driverTags": {
        "PetDriver": "true"
    },
    "dynamicReferralCode": "0285",
    "email": null,
    "enabled": true,
    "enabledAt": "2024-05-02T08:35:42.329621Z",
    "favCount": 8,
    "firstName": "Prithvi Driver",
    "fleetOwnerId": "3ff75338-712c-4dbb-9279-ee96f4ed06b9",
    "freeTrialDays": 7,
    "freeTrialDaysLeft": 0,
    "freeTrialRides": 5,
    "frontendConfigHash": null,
    "gender": "UNKNOWN",
    "id": "232d4794-e7f8-43e8-86f9-b508bb5093fe",
    "isGoHomeEnabled": false,
    "isOnFreeTrial": false,
    "isPayoutEnabled": false,
    "isPetModeEnabled": true,
    "isSilentModeEnabled": null,
    "isSpecialLocWarrior": false,
    "isSubscriptionCityChanged": true,
    "isSubscriptionEnabledAtCategoryLevel": false,
    "isSubscriptionVehicleCategoryChanged": false,
    "isVehicleSupported": true,
    "language": "ENGLISH",
    "lastName": null,
    "linkedVehicle": {
        "capacity": 5,
        "category": "CAR",
        "color": "CLASSICGRE",
        "createdAt": "2024-07-08T09:52:15.132001Z",
        "driverId": "232d4794-e7f8-43e8-86f9-b508bb5093fe",
        "model": "TOYOTA ETIOS",
        "registrationNo": "KA51AA8545",
        "serviceTierType": "COMFY",
        "variant": "SEDAN",
        "vehicleName": null
    },
    "manualDues": 27,
    "manualDuesWithCurrency": {
        "amount": 27,
        "currency": "INR"
    },
    "maskedDeviceToken": "549...026",
    "maxPickupRadius": null,
    "mediaUrl": null,
    "middleName": null,
    "mobileNumber": "6378299819",
    "mode": "ONLINE",
    "numberOfRides": 268,
    "nyClubConsent": null,
    "onRide": false,
    "onboardingVehicleCategory": null,
    "operatingCity": "std:011",
    "operatorId": null,
    "operatorReferralCode": null,
    "organization": {
        "contactNumber": "Unknown",
        "description": null,
        "enabled": true,
        "id": "7f7896dd-787e-4a0b-8675-e9e6fe93bb8f",
        "name": "NAMMA_YATRI",
        "status": "APPROVED"
    },
    "overchargingTag": null,
    "payerVpa": "vinaykumarkm091@ybl",
    "paymentPending": true,
    "payoutRewardAmount": 1,
    "payoutVpa": null,
    "payoutVpaBankAccount": null,
    "payoutVpaStatus": null,
    "planMandatoryForCategory": false,
    "qrUrl": null,
    "rating": 5,
    "reactVersion": null,
    "referralCode": "002595",
    "ridesWithFareIssues": null,
    "safetyScore": null,
    "safetyTag": null,
    "softBlockExpiryTime": null,
    "softBlockReasonFlag": null,
    "softBlockStiers": null,
    "subscribed": true,
    "subscriptionDown": false,
    "subscriptionEnabledForVehicleCategory": false,
    "totalRidesConsideredForFareIssues": null,
    "totalRidesTaken": null,
    "tripDistanceMaxThreshold": null,
    "tripDistanceMinThreshold": null,
    "verified": false,
    "windowSize": 14
}
  &amp#27;[32m✔&amp#27;[39m &amp#27;[32m&amp#27;[1mWhen &amp#27;[22mI Send Driver Profile API&amp#27;[39m                                                                      &amp#27;[90m# stepDefinitions.stepDefinitions.i_send_driver_profile()&amp#27;[39m
21:06:03 [main] INFO  stepDefinitions.stepDefinitions -Extracted variant: null
  &amp#27;[32m✔&amp#27;[39m &amp#27;[32m&amp#27;[1mThen &amp#27;[22mStore the variant&amp#27;[39m                                                                              &amp#27;[90m# stepDefinitions.stepDefinitions.store_the_variant()&amp#27;[39m
]]></system-out>
    <system-err><![CDATA[Sept 17, 2025 9:05:59 PM org.junit.platform.launcher.core.DiscoveryIssueNotifier logIssues
WARNING: TestEngine with ID 'cucumber' encountered a non-critical issue during test discovery:

(1) [WARNING] Discovering tests using the cucumber.features property. Other discovery selectors are ignored!

This is a work around for the limited JUnit 5 support in Maven and Gradle. Please request/upvote/sponsor/ect better support for JUnit 5 discovery selectors. For details see: https://github.com/cucumber/cucumber-jvm/pull/2498

If you are using the JUnit 5 Suite Engine, Platform Launcher API or Console Launcher you should not use this property. Please consult the JUnit 5 documentation on test selection.
SLF4J: Failed to load class "org.slf4j.impl.StaticLoggerBinder".
SLF4J: Defaulting to no-operation (NOP) logger implementation
SLF4J: See http://www.slf4j.org/codes.html#StaticLoggerBinder for further details.
]]></system-err>
  </testcase>
</testsuite>